2019-08-15 09:07:26.251 febs [main] INFO  cc.mrbird.febs.FebsApplication - Starting FebsApplication on DESKTOP-E5NTA55 with PID 1204 (E:\git-repository\febs_shiro_jwt\target\classes started by 楚豪 in E:\git-repository\febs_shiro_jwt)
2019-08-15 09:07:26.254 febs [main] INFO  cc.mrbird.febs.FebsApplication - No active profile set, falling back to default profiles: default
2019-08-15 09:07:27.654 febs [main] INFO  o.s.d.r.c.RepositoryConfigurationDelegate - Multiple Spring Data modules found, entering strict repository configuration mode!
2019-08-15 09:07:27.657 febs [main] INFO  o.s.d.r.c.RepositoryConfigurationDelegate - Bootstrapping Spring Data repositories in DEFAULT mode.
2019-08-15 09:07:27.737 febs [main] INFO  o.s.d.r.c.RepositoryConfigurationDelegate - Finished Spring Data repository scanning in 64ms. Found 0 repository interfaces.
2019-08-15 09:07:28.400 febs [main] INFO  o.s.c.s.PostProcessorRegistrationDelegate$BeanPostProcessorChecker - Bean 'asyncExecutorPoolConfig' of type [cc.mrbird.febs.common.config.AsyncExecutorPoolConfig$$EnhancerBySpringCGLIB$$1ff7ce41] is not eligible for getting processed by all BeanPostProcessors (for example: not eligible for auto-proxying)
2019-08-15 09:07:28.648 febs [main] INFO  o.s.c.s.PostProcessorRegistrationDelegate$BeanPostProcessorChecker - Bean 'spring.datasource.dynamic-com.baomidou.dynamic.datasource.spring.boot.autoconfigure.DynamicDataSourceProperties' of type [com.baomidou.dynamic.datasource.spring.boot.autoconfigure.DynamicDataSourceProperties] is not eligible for getting processed by all BeanPostProcessors (for example: not eligible for auto-proxying)
2019-08-15 09:07:28.914 febs [main] INFO  o.s.c.s.PostProcessorRegistrationDelegate$BeanPostProcessorChecker - Bean 'com.baomidou.dynamic.datasource.spring.boot.autoconfigure.DynamicDataSourceAutoConfiguration' of type [com.baomidou.dynamic.datasource.spring.boot.autoconfigure.DynamicDataSourceAutoConfiguration$$EnhancerBySpringCGLIB$$fa4719e5] is not eligible for getting processed by all BeanPostProcessors (for example: not eligible for auto-proxying)
2019-08-15 09:07:28.926 febs [main] INFO  o.s.c.s.PostProcessorRegistrationDelegate$BeanPostProcessorChecker - Bean 'dsProcessor' of type [com.baomidou.dynamic.datasource.processor.DsHeaderProcessor] is not eligible for getting processed by all BeanPostProcessors (for example: not eligible for auto-proxying)
2019-08-15 09:07:28.930 febs [main] INFO  o.s.c.s.PostProcessorRegistrationDelegate$BeanPostProcessorChecker - Bean 'dynamicDatasourceAnnotationAdvisor' of type [com.baomidou.dynamic.datasource.aop.DynamicDataSourceAnnotationAdvisor] is not eligible for getting processed by all BeanPostProcessors (for example: not eligible for auto-proxying)
2019-08-15 09:07:28.942 febs [main] INFO  o.s.c.s.PostProcessorRegistrationDelegate$BeanPostProcessorChecker - Bean 'org.springframework.transaction.annotation.ProxyTransactionManagementConfiguration' of type [org.springframework.transaction.annotation.ProxyTransactionManagementConfiguration$$EnhancerBySpringCGLIB$$90b8a914] is not eligible for getting processed by all BeanPostProcessors (for example: not eligible for auto-proxying)
2019-08-15 09:07:28.986 febs [main] INFO  o.s.c.s.PostProcessorRegistrationDelegate$BeanPostProcessorChecker - Bean 'shiroConfig' of type [cc.mrbird.febs.common.authentication.ShiroConfig$$EnhancerBySpringCGLIB$$fc38aabd] is not eligible for getting processed by all BeanPostProcessors (for example: not eligible for auto-proxying)
2019-08-15 09:07:29.410 febs [main] INFO  o.s.c.s.PostProcessorRegistrationDelegate$BeanPostProcessorChecker - Bean 'redisConfig' of type [cc.mrbird.febs.common.config.RedisConfig$$EnhancerBySpringCGLIB$$f4fd6211] is not eligible for getting processed by all BeanPostProcessors (for example: not eligible for auto-proxying)
2019-08-15 09:07:29.440 febs [main] INFO  o.s.c.s.PostProcessorRegistrationDelegate$BeanPostProcessorChecker - Bean 'redisPoolFactory' of type [redis.clients.jedis.JedisPool] is not eligible for getting processed by all BeanPostProcessors (for example: not eligible for auto-proxying)
2019-08-15 09:07:29.443 febs [main] INFO  o.s.c.s.PostProcessorRegistrationDelegate$BeanPostProcessorChecker - Bean 'redisService' of type [cc.mrbird.febs.common.service.impl.RedisServiceImpl] is not eligible for getting processed by all BeanPostProcessors (for example: not eligible for auto-proxying)
2019-08-15 09:07:29.548 febs [main] INFO  o.s.c.s.PostProcessorRegistrationDelegate$BeanPostProcessorChecker - Bean 'mybatis-plus-com.baomidou.mybatisplus.autoconfigure.MybatisPlusProperties' of type [com.baomidou.mybatisplus.autoconfigure.MybatisPlusProperties] is not eligible for getting processed by all BeanPostProcessors (for example: not eligible for auto-proxying)
2019-08-15 09:07:29.560 febs [main] INFO  o.s.c.s.PostProcessorRegistrationDelegate$BeanPostProcessorChecker - Bean 'mybatisPlusConfig' of type [cc.mrbird.febs.common.config.MybatisPlusConfig$$EnhancerBySpringCGLIB$$e2400523] is not eligible for getting processed by all BeanPostProcessors (for example: not eligible for auto-proxying)
2019-08-15 09:07:29.566 febs [main] INFO  o.s.c.s.PostProcessorRegistrationDelegate$BeanPostProcessorChecker - Bean 'paginationInterceptor' of type [com.baomidou.mybatisplus.extension.plugins.PaginationInterceptor] is not eligible for getting processed by all BeanPostProcessors (for example: not eligible for auto-proxying)
2019-08-15 09:07:29.575 febs [main] INFO  o.s.c.s.PostProcessorRegistrationDelegate$BeanPostProcessorChecker - Bean 'com.baomidou.mybatisplus.autoconfigure.MybatisPlusAutoConfiguration' of type [com.baomidou.mybatisplus.autoconfigure.MybatisPlusAutoConfiguration$$EnhancerBySpringCGLIB$$ce8115ae] is not eligible for getting processed by all BeanPostProcessors (for example: not eligible for auto-proxying)
2019-08-15 09:07:29.589 febs [main] INFO  o.s.c.s.PostProcessorRegistrationDelegate$BeanPostProcessorChecker - Bean 'dynamicDataSourceCreator' of type [com.baomidou.dynamic.datasource.DynamicDataSourceCreator] is not eligible for getting processed by all BeanPostProcessors (for example: not eligible for auto-proxying)
2019-08-15 09:07:29.593 febs [main] INFO  o.s.c.s.PostProcessorRegistrationDelegate$BeanPostProcessorChecker - Bean 'dynamicDataSourceProvider' of type [com.baomidou.dynamic.datasource.provider.YmlDynamicDataSourceProvider] is not eligible for getting processed by all BeanPostProcessors (for example: not eligible for auto-proxying)
2019-08-15 09:07:29.601 febs [main] INFO  c.b.d.d.DynamicRoutingDataSource - 动态数据源-检测到并开启了p6spy
2019-08-15 09:07:29.627 febs [main] INFO  com.zaxxer.hikari.HikariDataSource - primary - Starting...
2019-08-15 09:07:29.941 febs [main] INFO  com.zaxxer.hikari.HikariDataSource - primary - Start completed.
2019-08-15 09:07:29.941 febs [main] INFO  c.b.d.d.DynamicRoutingDataSource - 初始共加载 1 个数据源
2019-08-15 09:07:29.941 febs [main] INFO  c.b.d.d.DynamicRoutingDataSource - 动态数据源-加载 primary 成功
2019-08-15 09:07:29.941 febs [main] INFO  c.b.d.d.DynamicRoutingDataSource - 当前的默认数据源是单数据源，数据源名为 primary
2019-08-15 09:07:29.942 febs [main] INFO  o.s.c.s.PostProcessorRegistrationDelegate$BeanPostProcessorChecker - Bean 'dataSource' of type [com.baomidou.dynamic.datasource.DynamicRoutingDataSource] is not eligible for getting processed by all BeanPostProcessors (for example: not eligible for auto-proxying)
2019-08-15 09:07:29.956 febs [main] INFO  o.s.c.s.PostProcessorRegistrationDelegate$BeanPostProcessorChecker - Bean 'spring.datasource-org.springframework.boot.autoconfigure.jdbc.DataSourceProperties' of type [org.springframework.boot.autoconfigure.jdbc.DataSourceProperties] is not eligible for getting processed by all BeanPostProcessors (for example: not eligible for auto-proxying)
2019-08-15 09:07:29.965 febs [main] INFO  o.s.c.s.PostProcessorRegistrationDelegate$BeanPostProcessorChecker - Bean 'org.springframework.boot.autoconfigure.jdbc.DataSourceInitializerInvoker' of type [org.springframework.boot.autoconfigure.jdbc.DataSourceInitializerInvoker] is not eligible for getting processed by all BeanPostProcessors (for example: not eligible for auto-proxying)
2019-08-15 09:07:30.911 febs [main] INFO  o.s.c.s.PostProcessorRegistrationDelegate$BeanPostProcessorChecker - Bean 'sqlSessionFactory' of type [org.apache.ibatis.session.defaults.DefaultSqlSessionFactory] is not eligible for getting processed by all BeanPostProcessors (for example: not eligible for auto-proxying)
2019-08-15 09:07:30.921 febs [main] INFO  o.s.c.s.PostProcessorRegistrationDelegate$BeanPostProcessorChecker - Bean 'sqlSessionTemplate' of type [org.mybatis.spring.SqlSessionTemplate] is not eligible for getting processed by all BeanPostProcessors (for example: not eligible for auto-proxying)
2019-08-15 09:07:30.928 febs [main] INFO  o.s.c.s.PostProcessorRegistrationDelegate$BeanPostProcessorChecker - Bean 'roleMapper' of type [org.mybatis.spring.mapper.MapperFactoryBean] is not eligible for getting processed by all BeanPostProcessors (for example: not eligible for auto-proxying)
2019-08-15 09:07:30.934 febs [main] INFO  o.s.c.s.PostProcessorRegistrationDelegate$BeanPostProcessorChecker - Bean 'roleMapper' of type [com.sun.proxy.$Proxy106] is not eligible for getting processed by all BeanPostProcessors (for example: not eligible for auto-proxying)
2019-08-15 09:07:30.991 febs [main] INFO  o.s.c.s.PostProcessorRegistrationDelegate$BeanPostProcessorChecker - Bean 'roleMenuMapper' of type [org.mybatis.spring.mapper.MapperFactoryBean] is not eligible for getting processed by all BeanPostProcessors (for example: not eligible for auto-proxying)
2019-08-15 09:07:30.996 febs [main] INFO  o.s.c.s.PostProcessorRegistrationDelegate$BeanPostProcessorChecker - Bean 'roleMenuMapper' of type [com.sun.proxy.$Proxy108] is not eligible for getting processed by all BeanPostProcessors (for example: not eligible for auto-proxying)
2019-08-15 09:07:31.005 febs [main] INFO  o.s.c.s.PostProcessorRegistrationDelegate$BeanPostProcessorChecker - Bean 'userRoleMapper' of type [org.mybatis.spring.mapper.MapperFactoryBean] is not eligible for getting processed by all BeanPostProcessors (for example: not eligible for auto-proxying)
2019-08-15 09:07:31.008 febs [main] INFO  o.s.c.s.PostProcessorRegistrationDelegate$BeanPostProcessorChecker - Bean 'userRoleMapper' of type [com.sun.proxy.$Proxy109] is not eligible for getting processed by all BeanPostProcessors (for example: not eligible for auto-proxying)
2019-08-15 09:07:31.010 febs [main] INFO  o.s.c.s.PostProcessorRegistrationDelegate$BeanPostProcessorChecker - Bean 'userRoleService' of type [cc.mrbird.febs.system.service.impl.UserRoleServiceImpl] is not eligible for getting processed by all BeanPostProcessors (for example: not eligible for auto-proxying)
2019-08-15 09:07:31.095 febs [main] INFO  o.s.c.s.PostProcessorRegistrationDelegate$BeanPostProcessorChecker - Bean 'roleMenuService' of type [cc.mrbird.febs.system.service.impl.RoleMenuServiceImpl] is not eligible for getting processed by all BeanPostProcessors (for example: not eligible for auto-proxying)
2019-08-15 09:07:31.131 febs [main] INFO  o.s.c.s.PostProcessorRegistrationDelegate$BeanPostProcessorChecker - Bean 'roleService' of type [cc.mrbird.febs.system.service.impl.RoleServiceImpl] is not eligible for getting processed by all BeanPostProcessors (for example: not eligible for auto-proxying)
2019-08-15 09:07:31.197 febs [main] INFO  o.s.c.s.PostProcessorRegistrationDelegate$BeanPostProcessorChecker - Bean 'menuMapper' of type [org.mybatis.spring.mapper.MapperFactoryBean] is not eligible for getting processed by all BeanPostProcessors (for example: not eligible for auto-proxying)
2019-08-15 09:07:31.200 febs [main] INFO  o.s.c.s.PostProcessorRegistrationDelegate$BeanPostProcessorChecker - Bean 'menuMapper' of type [com.sun.proxy.$Proxy113] is not eligible for getting processed by all BeanPostProcessors (for example: not eligible for auto-proxying)
2019-08-15 09:07:31.205 febs [main] INFO  o.s.c.s.PostProcessorRegistrationDelegate$BeanPostProcessorChecker - Bean 'menuService' of type [cc.mrbird.febs.system.service.impl.MenuServiceImpl] is not eligible for getting processed by all BeanPostProcessors (for example: not eligible for auto-proxying)
2019-08-15 09:07:31.266 febs [main] INFO  o.s.c.s.PostProcessorRegistrationDelegate$BeanPostProcessorChecker - Bean 'userMapper' of type [org.mybatis.spring.mapper.MapperFactoryBean] is not eligible for getting processed by all BeanPostProcessors (for example: not eligible for auto-proxying)
2019-08-15 09:07:31.269 febs [main] INFO  o.s.c.s.PostProcessorRegistrationDelegate$BeanPostProcessorChecker - Bean 'userMapper' of type [com.sun.proxy.$Proxy115] is not eligible for getting processed by all BeanPostProcessors (for example: not eligible for auto-proxying)
2019-08-15 09:07:31.339 febs [main] INFO  o.s.c.s.PostProcessorRegistrationDelegate$BeanPostProcessorChecker - Bean 'userConfigMapper' of type [org.mybatis.spring.mapper.MapperFactoryBean] is not eligible for getting processed by all BeanPostProcessors (for example: not eligible for auto-proxying)
2019-08-15 09:07:31.342 febs [main] INFO  o.s.c.s.PostProcessorRegistrationDelegate$BeanPostProcessorChecker - Bean 'userConfigMapper' of type [com.sun.proxy.$Proxy116] is not eligible for getting processed by all BeanPostProcessors (for example: not eligible for auto-proxying)
2019-08-15 09:07:31.347 febs [main] INFO  o.s.c.s.PostProcessorRegistrationDelegate$BeanPostProcessorChecker - Bean 'userConfigService' of type [cc.mrbird.febs.system.service.impl.UserConfigServiceImpl] is not eligible for getting processed by all BeanPostProcessors (for example: not eligible for auto-proxying)
2019-08-15 09:07:31.379 febs [main] INFO  o.s.c.s.PostProcessorRegistrationDelegate$BeanPostProcessorChecker - Bean 'userService' of type [cc.mrbird.febs.system.service.impl.UserServiceImpl] is not eligible for getting processed by all BeanPostProcessors (for example: not eligible for auto-proxying)
2019-08-15 09:07:31.412 febs [main] INFO  o.s.c.s.PostProcessorRegistrationDelegate$BeanPostProcessorChecker - Bean 'org.springframework.boot.autoconfigure.jackson.JacksonAutoConfiguration$JacksonObjectMapperConfiguration' of type [org.springframework.boot.autoconfigure.jackson.JacksonAutoConfiguration$JacksonObjectMapperConfiguration$$EnhancerBySpringCGLIB$$ec4c28a5] is not eligible for getting processed by all BeanPostProcessors (for example: not eligible for auto-proxying)
2019-08-15 09:07:31.422 febs [main] INFO  o.s.c.s.PostProcessorRegistrationDelegate$BeanPostProcessorChecker - Bean 'org.springframework.boot.autoconfigure.jackson.JacksonAutoConfiguration$JacksonObjectMapperBuilderConfiguration' of type [org.springframework.boot.autoconfigure.jackson.JacksonAutoConfiguration$JacksonObjectMapperBuilderConfiguration$$EnhancerBySpringCGLIB$$9e98eabe] is not eligible for getting processed by all BeanPostProcessors (for example: not eligible for auto-proxying)
2019-08-15 09:07:31.432 febs [main] INFO  o.s.c.s.PostProcessorRegistrationDelegate$BeanPostProcessorChecker - Bean 'org.springframework.boot.autoconfigure.jackson.JacksonAutoConfiguration$Jackson2ObjectMapperBuilderCustomizerConfiguration' of type [org.springframework.boot.autoconfigure.jackson.JacksonAutoConfiguration$Jackson2ObjectMapperBuilderCustomizerConfiguration$$EnhancerBySpringCGLIB$$59afd0ad] is not eligible for getting processed by all BeanPostProcessors (for example: not eligible for auto-proxying)
2019-08-15 09:07:31.447 febs [main] INFO  o.s.c.s.PostProcessorRegistrationDelegate$BeanPostProcessorChecker - Bean 'spring.jackson-org.springframework.boot.autoconfigure.jackson.JacksonProperties' of type [org.springframework.boot.autoconfigure.jackson.JacksonProperties] is not eligible for getting processed by all BeanPostProcessors (for example: not eligible for auto-proxying)
2019-08-15 09:07:31.478 febs [main] INFO  o.s.c.s.PostProcessorRegistrationDelegate$BeanPostProcessorChecker - Bean 'standardJacksonObjectMapperBuilderCustomizer' of type [org.springframework.boot.autoconfigure.jackson.JacksonAutoConfiguration$Jackson2ObjectMapperBuilderCustomizerConfiguration$StandardJackson2ObjectMapperBuilderCustomizer] is not eligible for getting processed by all BeanPostProcessors (for example: not eligible for auto-proxying)
2019-08-15 09:07:31.494 febs [main] INFO  o.s.c.s.PostProcessorRegistrationDelegate$BeanPostProcessorChecker - Bean 'org.springframework.boot.autoconfigure.jackson.JacksonAutoConfiguration$ParameterNamesModuleConfiguration' of type [org.springframework.boot.autoconfigure.jackson.JacksonAutoConfiguration$ParameterNamesModuleConfiguration$$EnhancerBySpringCGLIB$$807b47db] is not eligible for getting processed by all BeanPostProcessors (for example: not eligible for auto-proxying)
2019-08-15 09:07:31.505 febs [main] INFO  o.s.c.s.PostProcessorRegistrationDelegate$BeanPostProcessorChecker - Bean 'parameterNamesModule' of type [com.fasterxml.jackson.module.paramnames.ParameterNamesModule] is not eligible for getting processed by all BeanPostProcessors (for example: not eligible for auto-proxying)
2019-08-15 09:07:31.511 febs [main] INFO  o.s.c.s.PostProcessorRegistrationDelegate$BeanPostProcessorChecker - Bean 'org.springframework.boot.autoconfigure.jackson.JacksonAutoConfiguration' of type [org.springframework.boot.autoconfigure.jackson.JacksonAutoConfiguration$$EnhancerBySpringCGLIB$$ce57c634] is not eligible for getting processed by all BeanPostProcessors (for example: not eligible for auto-proxying)
2019-08-15 09:07:31.526 febs [main] INFO  o.s.c.s.PostProcessorRegistrationDelegate$BeanPostProcessorChecker - Bean 'jsonComponentModule' of type [org.springframework.boot.jackson.JsonComponentModule] is not eligible for getting processed by all BeanPostProcessors (for example: not eligible for auto-proxying)
2019-08-15 09:07:31.529 febs [main] INFO  o.s.c.s.PostProcessorRegistrationDelegate$BeanPostProcessorChecker - Bean 'org.springframework.data.web.config.SpringDataJacksonConfiguration' of type [org.springframework.data.web.config.SpringDataJacksonConfiguration] is not eligible for getting processed by all BeanPostProcessors (for example: not eligible for auto-proxying)
2019-08-15 09:07:31.537 febs [main] INFO  o.s.c.s.PostProcessorRegistrationDelegate$BeanPostProcessorChecker - Bean 'jacksonGeoModule' of type [org.springframework.data.geo.GeoModule] is not eligible for getting processed by all BeanPostProcessors (for example: not eligible for auto-proxying)
2019-08-15 09:07:31.540 febs [main] INFO  o.s.c.s.PostProcessorRegistrationDelegate$BeanPostProcessorChecker - Bean 'jacksonObjectMapperBuilder' of type [org.springframework.http.converter.json.Jackson2ObjectMapperBuilder] is not eligible for getting processed by all BeanPostProcessors (for example: not eligible for auto-proxying)
2019-08-15 09:07:31.576 febs [main] INFO  o.s.c.s.PostProcessorRegistrationDelegate$BeanPostProcessorChecker - Bean 'jacksonObjectMapper' of type [com.fasterxml.jackson.databind.ObjectMapper] is not eligible for getting processed by all BeanPostProcessors (for example: not eligible for auto-proxying)
2019-08-15 09:07:31.604 febs [main] INFO  o.s.c.s.PostProcessorRegistrationDelegate$BeanPostProcessorChecker - Bean 'cacheService' of type [cc.mrbird.febs.common.service.impl.CacheServiceImpl] is not eligible for getting processed by all BeanPostProcessors (for example: not eligible for auto-proxying)
2019-08-15 09:07:31.636 febs [main] INFO  o.s.c.s.PostProcessorRegistrationDelegate$BeanPostProcessorChecker - Bean 'permissionMapper' of type [org.mybatis.spring.mapper.MapperFactoryBean] is not eligible for getting processed by all BeanPostProcessors (for example: not eligible for auto-proxying)
2019-08-15 09:07:31.639 febs [main] INFO  o.s.c.s.PostProcessorRegistrationDelegate$BeanPostProcessorChecker - Bean 'permissionMapper' of type [com.sun.proxy.$Proxy119] is not eligible for getting processed by all BeanPostProcessors (for example: not eligible for auto-proxying)
2019-08-15 09:07:31.641 febs [main] INFO  o.s.c.s.PostProcessorRegistrationDelegate$BeanPostProcessorChecker - Bean 'permissionService' of type [cc.mrbird.febs.system.service.impl.PermissionServiceImpl] is not eligible for getting processed by all BeanPostProcessors (for example: not eligible for auto-proxying)
2019-08-15 09:07:31.689 febs [main] INFO  o.s.c.s.PostProcessorRegistrationDelegate$BeanPostProcessorChecker - Bean 'userManager' of type [cc.mrbird.febs.system.manager.UserManager] is not eligible for getting processed by all BeanPostProcessors (for example: not eligible for auto-proxying)
2019-08-15 09:07:31.693 febs [main] INFO  o.s.c.s.PostProcessorRegistrationDelegate$BeanPostProcessorChecker - Bean 'shiroRealm' of type [cc.mrbird.febs.common.authentication.ShiroRealm] is not eligible for getting processed by all BeanPostProcessors (for example: not eligible for auto-proxying)
2019-08-15 09:07:31.700 febs [main] INFO  o.s.c.s.PostProcessorRegistrationDelegate$BeanPostProcessorChecker - Bean 'securityManager' of type [org.apache.shiro.web.mgt.DefaultWebSecurityManager] is not eligible for getting processed by all BeanPostProcessors (for example: not eligible for auto-proxying)
2019-08-15 09:07:31.734 febs [main] INFO  o.s.c.s.PostProcessorRegistrationDelegate$BeanPostProcessorChecker - Bean 'authorizationAttributeSourceAdvisor' of type [org.apache.shiro.spring.security.interceptor.AuthorizationAttributeSourceAdvisor] is not eligible for getting processed by all BeanPostProcessors (for example: not eligible for auto-proxying)
2019-08-15 09:07:32.281 febs [main] INFO  o.s.b.w.e.tomcat.TomcatWebServer - Tomcat initialized with port(s): 9527 (http)
2019-08-15 09:07:32.301 febs [main] INFO  o.a.coyote.http11.Http11NioProtocol - Initializing ProtocolHandler ["http-nio-9527"]
2019-08-15 09:07:32.309 febs [main] INFO  o.a.catalina.core.StandardService - Starting service [Tomcat]
2019-08-15 09:07:32.310 febs [main] INFO  o.a.catalina.core.StandardEngine - Starting Servlet Engine: Apache Tomcat/9.0.12
2019-08-15 09:07:32.323 febs [main] INFO  o.a.c.core.AprLifecycleListener - The APR based Apache Tomcat Native library which allows optimal performance in production environments was not found on the java.library.path: [D:\java\jdk1.8.0_45\bin;C:\WINDOWS\Sun\Java\bin;C:\WINDOWS\system32;C:\WINDOWS;D:/java/jdk1.8.0_45/bin/../jre/bin/server;D:/java/jdk1.8.0_45/bin/../jre/bin;D:/java/jdk1.8.0_45/bin/../jre/lib/amd64;C:\Program Files (x86)\Common Files\NetSarang;D:\oracle\product\11.2.0\dbhome_1\bin;E:\oracle\product\11.2.0\dbhome_61\bin;C:\WINDOWS\system32;C:\WINDOWS;C:\WINDOWS\System32\Wbem;C:\WINDOWS\System32\WindowsPowerShell\v1.0\;D:\java\jdk1.8.0_45\bin;C:\Program Files\MySQL\MySQL Server 5.5\bin;C:\WINDOWS\System32\OpenSSH\;C:\Program Files\TortoiseSVN\bin;D:\jar-bao\apache-maven-3.6.0\bin;C:\Program Files\Git\cmd;E:\aoge\gradle-5.3.1\bin;C:\Program Files\nodejs\;C:\Users\楚豪\AppData\Local\Microsoft\WindowsApps;C:\Users\楚豪\AppData\Roaming\npm;D:\新装软件\eclipse;;.]
2019-08-15 09:07:32.535 febs [main] INFO  o.a.c.c.C.[Tomcat].[localhost].[/] - Initializing Spring embedded WebApplicationContext
2019-08-15 09:07:32.536 febs [main] INFO  o.s.web.context.ContextLoader - Root WebApplicationContext: initialization completed in 6222 ms
2019-08-15 09:07:33.196 febs [main] INFO  o.s.b.w.s.FilterRegistrationBean - Mapping filter: 'characterEncodingFilter' to: [/*]
2019-08-15 09:07:33.196 febs [main] INFO  o.s.b.w.s.FilterRegistrationBean - Mapping filter: 'webMvcMetricsFilter' to: [/*]
2019-08-15 09:07:33.196 febs [main] INFO  o.s.b.w.s.FilterRegistrationBean - Mapping filter: 'hiddenHttpMethodFilter' to: [/*]
2019-08-15 09:07:33.196 febs [main] INFO  o.s.b.w.s.FilterRegistrationBean - Mapping filter: 'formContentFilter' to: [/*]
2019-08-15 09:07:33.199 febs [main] INFO  o.s.b.w.s.FilterRegistrationBean - Mapping filter: 'requestContextFilter' to: [/*]
2019-08-15 09:07:33.199 febs [main] INFO  o.s.b.w.s.FilterRegistrationBean - Mapping filter: 'httpTraceFilter' to: [/*]
2019-08-15 09:07:33.200 febs [main] INFO  o.s.b.w.s.FilterRegistrationBean - Mapping filter: 'shiroFilterFactoryBean' to: [/*]
2019-08-15 09:07:33.200 febs [main] INFO  o.s.b.w.s.ServletRegistrationBean - Servlet dispatcherServlet mapped to [/]
2019-08-15 09:07:34.008 febs [main] INFO  o.s.s.c.ThreadPoolTaskExecutor - Initializing ExecutorService 'taskExecutor'
2019-08-15 09:07:35.582 febs [main] INFO  org.quartz.impl.StdSchedulerFactory - Using default implementation for ThreadExecutor
2019-08-15 09:07:35.600 febs [main] INFO  o.quartz.core.SchedulerSignalerImpl - Initialized Scheduler Signaller of type: class org.quartz.core.SchedulerSignalerImpl
2019-08-15 09:07:35.601 febs [main] INFO  org.quartz.core.QuartzScheduler - Quartz Scheduler v.2.3.0 created.
2019-08-15 09:07:35.603 febs [main] INFO  org.quartz.simpl.RAMJobStore - RAMJobStore initialized.
2019-08-15 09:07:35.604 febs [main] INFO  org.quartz.core.QuartzScheduler - Scheduler meta-data: Quartz Scheduler (v2.3.0) 'quartzScheduler' with instanceId 'NON_CLUSTERED'
  Scheduler class: 'org.quartz.core.QuartzScheduler' - running locally.
  NOT STARTED.
  Currently in standby mode.
  Number of jobs executed: 0
  Using thread pool 'org.quartz.simpl.SimpleThreadPool' - with 10 threads.
  Using job-store 'org.quartz.simpl.RAMJobStore' - which does not support persistence. and is not clustered.

2019-08-15 09:07:35.604 febs [main] INFO  org.quartz.impl.StdSchedulerFactory - Quartz scheduler 'quartzScheduler' initialized from an externally provided properties instance.
2019-08-15 09:07:35.604 febs [main] INFO  org.quartz.impl.StdSchedulerFactory - Quartz scheduler version: 2.3.0
2019-08-15 09:07:35.605 febs [main] INFO  org.quartz.core.QuartzScheduler - JobFactory set to: org.springframework.scheduling.quartz.SpringBeanJobFactory@2e4d4d22
2019-08-15 09:07:35.630 febs [main] INFO  o.s.s.c.ThreadPoolTaskScheduler - Initializing ExecutorService 'taskScheduler'
2019-08-15 09:07:35.716 febs [main] INFO  o.s.b.a.e.web.EndpointLinksResolver - Exposing 2 endpoint(s) beneath base path '/actuator'
2019-08-15 09:07:35.793 febs [main] INFO  o.s.s.quartz.SchedulerFactoryBean - Starting Quartz Scheduler now
2019-08-15 09:07:35.794 febs [main] INFO  org.quartz.core.QuartzScheduler - Scheduler quartzScheduler_$_NON_CLUSTERED started.
2019-08-15 09:07:35.819 febs [main] INFO  o.a.coyote.http11.Http11NioProtocol - Starting ProtocolHandler ["http-nio-9527"]
2019-08-15 09:07:35.871 febs [main] INFO  o.a.tomcat.util.net.NioSelectorPool - Using a shared selector for servlet write/read
2019-08-15 09:07:35.892 febs [main] INFO  o.s.b.w.e.tomcat.TomcatWebServer - Tomcat started on port(s): 9527 (http) with context path ''
2019-08-15 09:07:35.895 febs [main] INFO  cc.mrbird.febs.FebsApplication - Started FebsApplication in 10.756 seconds (JVM running for 11.397)
2019-08-15 09:07:35.910 febs [main] INFO  c.m.f.common.runner.CacheInitRunner - Redis连接中 ······
2019-08-15 09:07:35.973 febs [scheduling-1] INFO  cc.mrbird.febs.common.task.CacheTask - delete expired user
2019-08-15 09:07:35.974 febs [main] INFO  c.m.f.common.runner.CacheInitRunner - 缓存初始化 ······
2019-08-15 09:07:35.974 febs [main] INFO  c.m.f.common.runner.CacheInitRunner - 缓存用户数据 ······
2019-08-15 09:07:36.103 febs [main] INFO  p6spy - 2019-08-15 09:07:36 | 耗时 15 ms | SQL 语句：
SELECT USER_ID,password,dept_id,email,name,login_name,emp_code,leader_id,level,job_name,mobile,status,create_time,modify_time,last_login_time,ssex,description,avatar,role_id FROM rt_user;
2019-08-15 09:07:36.145 febs [main] INFO  p6spy - 2019-08-15 09:07:36 | 耗时 18 ms | SQL 语句：
SELECT u.user_id userId, u.name, u.emp_code empCode, u.leader_id leaderId, u.level, u.login_name loginName, u.dept_id deptId, u.job_name jobName, u.password, u.email, u.mobile, u.STATUS, u.create_time createTime, u.ssex, u.AVATAR, u.DESCRIPTION, d.dept_name deptName, u.LAST_LOGIN_TIME lastLoginTime, u.role_id roleId, r.role_name FROM rt_user u LEFT JOIN mt_dept d ON (u.dept_id = d.dept_id) LEFT JOIN rt_role r ON (u.role_id = r.role_id) WHERE u.login_name = 'admin' group by u.login_name;
2019-08-15 09:07:36.351 febs [main] INFO  p6spy - 2019-08-15 09:07:36 | 耗时 26 ms | SQL 语句：
select distinct m.perms from rt_role r left join rt_user_role ur on (r.role_id = ur.role_id) left join rt_user u on (u.user_id = ur.user_id) left join rt_role_menu rm on (rm.role_id = r.role_id) left join rt_menu m on (m.menu_id = rm.menu_id) where u.login_name = 'admin' and m.perms is not null and m.perms <> '';
2019-08-15 09:07:36.383 febs [main] INFO  p6spy - 2019-08-15 09:07:36 | 耗时 7 ms | SQL 语句：
SELECT USER_ID,theme,layout,multi_page,fix_siderbar,fix_header,color FROM rt_user_config WHERE USER_ID='1' ;
2019-08-15 09:07:36.388 febs [main] INFO  p6spy - 2019-08-15 09:07:36 | 耗时 0 ms | SQL 语句：
SELECT u.user_id userId, u.name, u.emp_code empCode, u.leader_id leaderId, u.level, u.login_name loginName, u.dept_id deptId, u.job_name jobName, u.password, u.email, u.mobile, u.STATUS, u.create_time createTime, u.ssex, u.AVATAR, u.DESCRIPTION, d.dept_name deptName, u.LAST_LOGIN_TIME lastLoginTime, u.role_id roleId, r.role_name FROM rt_user u LEFT JOIN mt_dept d ON (u.dept_id = d.dept_id) LEFT JOIN rt_role r ON (u.role_id = r.role_id) WHERE u.login_name = '78000' group by u.login_name;
2019-08-15 09:07:36.393 febs [main] INFO  p6spy - 2019-08-15 09:07:36 | 耗时 0 ms | SQL 语句：
select distinct m.perms from rt_role r left join rt_user_role ur on (r.role_id = ur.role_id) left join rt_user u on (u.user_id = ur.user_id) left join rt_role_menu rm on (rm.role_id = r.role_id) left join rt_menu m on (m.menu_id = rm.menu_id) where u.login_name = '78000' and m.perms is not null and m.perms <> '';
2019-08-15 09:07:36.397 febs [main] INFO  p6spy - 2019-08-15 09:07:36 | 耗时 0 ms | SQL 语句：
SELECT USER_ID,theme,layout,multi_page,fix_siderbar,fix_header,color FROM rt_user_config WHERE USER_ID='2' ;
2019-08-15 09:07:36.400 febs [main] INFO  p6spy - 2019-08-15 09:07:36 | 耗时 0 ms | SQL 语句：
SELECT u.user_id userId, u.name, u.emp_code empCode, u.leader_id leaderId, u.level, u.login_name loginName, u.dept_id deptId, u.job_name jobName, u.password, u.email, u.mobile, u.STATUS, u.create_time createTime, u.ssex, u.AVATAR, u.DESCRIPTION, d.dept_name deptName, u.LAST_LOGIN_TIME lastLoginTime, u.role_id roleId, r.role_name FROM rt_user u LEFT JOIN mt_dept d ON (u.dept_id = d.dept_id) LEFT JOIN rt_role r ON (u.role_id = r.role_id) WHERE u.login_name = '78001' group by u.login_name;
2019-08-15 09:07:36.406 febs [main] INFO  p6spy - 2019-08-15 09:07:36 | 耗时 1 ms | SQL 语句：
select distinct m.perms from rt_role r left join rt_user_role ur on (r.role_id = ur.role_id) left join rt_user u on (u.user_id = ur.user_id) left join rt_role_menu rm on (rm.role_id = r.role_id) left join rt_menu m on (m.menu_id = rm.menu_id) where u.login_name = '78001' and m.perms is not null and m.perms <> '';
2019-08-15 09:07:36.412 febs [main] INFO  p6spy - 2019-08-15 09:07:36 | 耗时 0 ms | SQL 语句：
SELECT USER_ID,theme,layout,multi_page,fix_siderbar,fix_header,color FROM rt_user_config WHERE USER_ID='3' ;
2019-08-15 09:07:36.414 febs [main] INFO  p6spy - 2019-08-15 09:07:36 | 耗时 0 ms | SQL 语句：
SELECT u.user_id userId, u.name, u.emp_code empCode, u.leader_id leaderId, u.level, u.login_name loginName, u.dept_id deptId, u.job_name jobName, u.password, u.email, u.mobile, u.STATUS, u.create_time createTime, u.ssex, u.AVATAR, u.DESCRIPTION, d.dept_name deptName, u.LAST_LOGIN_TIME lastLoginTime, u.role_id roleId, r.role_name FROM rt_user u LEFT JOIN mt_dept d ON (u.dept_id = d.dept_id) LEFT JOIN rt_role r ON (u.role_id = r.role_id) WHERE u.login_name = '78002' group by u.login_name;
2019-08-15 09:07:36.418 febs [main] INFO  p6spy - 2019-08-15 09:07:36 | 耗时 1 ms | SQL 语句：
select distinct m.perms from rt_role r left join rt_user_role ur on (r.role_id = ur.role_id) left join rt_user u on (u.user_id = ur.user_id) left join rt_role_menu rm on (rm.role_id = r.role_id) left join rt_menu m on (m.menu_id = rm.menu_id) where u.login_name = '78002' and m.perms is not null and m.perms <> '';
2019-08-15 09:07:36.421 febs [main] INFO  p6spy - 2019-08-15 09:07:36 | 耗时 0 ms | SQL 语句：
SELECT USER_ID,theme,layout,multi_page,fix_siderbar,fix_header,color FROM rt_user_config WHERE USER_ID='4' ;
2019-08-15 09:07:36.424 febs [main] INFO  p6spy - 2019-08-15 09:07:36 | 耗时 0 ms | SQL 语句：
SELECT u.user_id userId, u.name, u.emp_code empCode, u.leader_id leaderId, u.level, u.login_name loginName, u.dept_id deptId, u.job_name jobName, u.password, u.email, u.mobile, u.STATUS, u.create_time createTime, u.ssex, u.AVATAR, u.DESCRIPTION, d.dept_name deptName, u.LAST_LOGIN_TIME lastLoginTime, u.role_id roleId, r.role_name FROM rt_user u LEFT JOIN mt_dept d ON (u.dept_id = d.dept_id) LEFT JOIN rt_role r ON (u.role_id = r.role_id) WHERE u.login_name = '10101' group by u.login_name;
2019-08-15 09:07:36.428 febs [main] INFO  p6spy - 2019-08-15 09:07:36 | 耗时 1 ms | SQL 语句：
select distinct m.perms from rt_role r left join rt_user_role ur on (r.role_id = ur.role_id) left join rt_user u on (u.user_id = ur.user_id) left join rt_role_menu rm on (rm.role_id = r.role_id) left join rt_menu m on (m.menu_id = rm.menu_id) where u.login_name = '10101' and m.perms is not null and m.perms <> '';
2019-08-15 09:07:36.433 febs [main] INFO  p6spy - 2019-08-15 09:07:36 | 耗时 0 ms | SQL 语句：
SELECT USER_ID,theme,layout,multi_page,fix_siderbar,fix_header,color FROM rt_user_config WHERE USER_ID='9' ;
2019-08-15 09:07:36.436 febs [main] INFO  p6spy - 2019-08-15 09:07:36 | 耗时 0 ms | SQL 语句：
SELECT u.user_id userId, u.name, u.emp_code empCode, u.leader_id leaderId, u.level, u.login_name loginName, u.dept_id deptId, u.job_name jobName, u.password, u.email, u.mobile, u.STATUS, u.create_time createTime, u.ssex, u.AVATAR, u.DESCRIPTION, d.dept_name deptName, u.LAST_LOGIN_TIME lastLoginTime, u.role_id roleId, r.role_name FROM rt_user u LEFT JOIN mt_dept d ON (u.dept_id = d.dept_id) LEFT JOIN rt_role r ON (u.role_id = r.role_id) WHERE u.login_name = '121212' group by u.login_name;
2019-08-15 09:07:36.444 febs [main] INFO  p6spy - 2019-08-15 09:07:36 | 耗时 1 ms | SQL 语句：
select distinct m.perms from rt_role r left join rt_user_role ur on (r.role_id = ur.role_id) left join rt_user u on (u.user_id = ur.user_id) left join rt_role_menu rm on (rm.role_id = r.role_id) left join rt_menu m on (m.menu_id = rm.menu_id) where u.login_name = '121212' and m.perms is not null and m.perms <> '';
2019-08-15 09:07:36.452 febs [main] INFO  p6spy - 2019-08-15 09:07:36 | 耗时 0 ms | SQL 语句：
SELECT USER_ID,theme,layout,multi_page,fix_siderbar,fix_header,color FROM rt_user_config WHERE USER_ID='13' ;
2019-08-15 09:07:36.458 febs [main] INFO  p6spy - 2019-08-15 09:07:36 | 耗时 0 ms | SQL 语句：
SELECT u.user_id userId, u.name, u.emp_code empCode, u.leader_id leaderId, u.level, u.login_name loginName, u.dept_id deptId, u.job_name jobName, u.password, u.email, u.mobile, u.STATUS, u.create_time createTime, u.ssex, u.AVATAR, u.DESCRIPTION, d.dept_name deptName, u.LAST_LOGIN_TIME lastLoginTime, u.role_id roleId, r.role_name FROM rt_user u LEFT JOIN mt_dept d ON (u.dept_id = d.dept_id) LEFT JOIN rt_role r ON (u.role_id = r.role_id) WHERE u.login_name = '1010101' group by u.login_name;
2019-08-15 09:07:36.462 febs [main] INFO  p6spy - 2019-08-15 09:07:36 | 耗时 1 ms | SQL 语句：
select distinct m.perms from rt_role r left join rt_user_role ur on (r.role_id = ur.role_id) left join rt_user u on (u.user_id = ur.user_id) left join rt_role_menu rm on (rm.role_id = r.role_id) left join rt_menu m on (m.menu_id = rm.menu_id) where u.login_name = '1010101' and m.perms is not null and m.perms <> '';
2019-08-15 09:07:36.466 febs [main] INFO  p6spy - 2019-08-15 09:07:36 | 耗时 0 ms | SQL 语句：
SELECT USER_ID,theme,layout,multi_page,fix_siderbar,fix_header,color FROM rt_user_config WHERE USER_ID='14' ;
2019-08-15 09:07:36.469 febs [main] INFO  p6spy - 2019-08-15 09:07:36 | 耗时 0 ms | SQL 语句：
SELECT u.user_id userId, u.name, u.emp_code empCode, u.leader_id leaderId, u.level, u.login_name loginName, u.dept_id deptId, u.job_name jobName, u.password, u.email, u.mobile, u.STATUS, u.create_time createTime, u.ssex, u.AVATAR, u.DESCRIPTION, d.dept_name deptName, u.LAST_LOGIN_TIME lastLoginTime, u.role_id roleId, r.role_name FROM rt_user u LEFT JOIN mt_dept d ON (u.dept_id = d.dept_id) LEFT JOIN rt_role r ON (u.role_id = r.role_id) WHERE u.login_name = '232323' group by u.login_name;
2019-08-15 09:07:36.473 febs [main] INFO  p6spy - 2019-08-15 09:07:36 | 耗时 1 ms | SQL 语句：
select distinct m.perms from rt_role r left join rt_user_role ur on (r.role_id = ur.role_id) left join rt_user u on (u.user_id = ur.user_id) left join rt_role_menu rm on (rm.role_id = r.role_id) left join rt_menu m on (m.menu_id = rm.menu_id) where u.login_name = '232323' and m.perms is not null and m.perms <> '';
2019-08-15 09:07:36.476 febs [main] INFO  p6spy - 2019-08-15 09:07:36 | 耗时 0 ms | SQL 语句：
SELECT USER_ID,theme,layout,multi_page,fix_siderbar,fix_header,color FROM rt_user_config WHERE USER_ID='15' ;
2019-08-15 09:07:36.479 febs [main] INFO  p6spy - 2019-08-15 09:07:36 | 耗时 0 ms | SQL 语句：
SELECT u.user_id userId, u.name, u.emp_code empCode, u.leader_id leaderId, u.level, u.login_name loginName, u.dept_id deptId, u.job_name jobName, u.password, u.email, u.mobile, u.STATUS, u.create_time createTime, u.ssex, u.AVATAR, u.DESCRIPTION, d.dept_name deptName, u.LAST_LOGIN_TIME lastLoginTime, u.role_id roleId, r.role_name FROM rt_user u LEFT JOIN mt_dept d ON (u.dept_id = d.dept_id) LEFT JOIN rt_role r ON (u.role_id = r.role_id) WHERE u.login_name = '1234567' group by u.login_name;
2019-08-15 09:07:36.487 febs [main] INFO  p6spy - 2019-08-15 09:07:36 | 耗时 4 ms | SQL 语句：
select distinct m.perms from rt_role r left join rt_user_role ur on (r.role_id = ur.role_id) left join rt_user u on (u.user_id = ur.user_id) left join rt_role_menu rm on (rm.role_id = r.role_id) left join rt_menu m on (m.menu_id = rm.menu_id) where u.login_name = '1234567' and m.perms is not null and m.perms <> '';
2019-08-15 09:07:36.491 febs [main] INFO  p6spy - 2019-08-15 09:07:36 | 耗时 0 ms | SQL 语句：
SELECT USER_ID,theme,layout,multi_page,fix_siderbar,fix_header,color FROM rt_user_config WHERE USER_ID='16' ;
2019-08-15 09:07:36.495 febs [main] INFO  p6spy - 2019-08-15 09:07:36 | 耗时 0 ms | SQL 语句：
SELECT u.user_id userId, u.name, u.emp_code empCode, u.leader_id leaderId, u.level, u.login_name loginName, u.dept_id deptId, u.job_name jobName, u.password, u.email, u.mobile, u.STATUS, u.create_time createTime, u.ssex, u.AVATAR, u.DESCRIPTION, d.dept_name deptName, u.LAST_LOGIN_TIME lastLoginTime, u.role_id roleId, r.role_name FROM rt_user u LEFT JOIN mt_dept d ON (u.dept_id = d.dept_id) LEFT JOIN rt_role r ON (u.role_id = r.role_id) WHERE u.login_name = '989012' group by u.login_name;
2019-08-15 09:07:36.505 febs [main] INFO  p6spy - 2019-08-15 09:07:36 | 耗时 2 ms | SQL 语句：
select distinct m.perms from rt_role r left join rt_user_role ur on (r.role_id = ur.role_id) left join rt_user u on (u.user_id = ur.user_id) left join rt_role_menu rm on (rm.role_id = r.role_id) left join rt_menu m on (m.menu_id = rm.menu_id) where u.login_name = '989012' and m.perms is not null and m.perms <> '';
2019-08-15 09:07:36.516 febs [main] INFO  p6spy - 2019-08-15 09:07:36 | 耗时 0 ms | SQL 语句：
SELECT USER_ID,theme,layout,multi_page,fix_siderbar,fix_header,color FROM rt_user_config WHERE USER_ID='17' ;
2019-08-15 09:07:36.518 febs [main] INFO  c.m.f.common.runner.StartedUpRunner -  __    ___   _      ___   _     ____ _____  ____ 
2019-08-15 09:07:36.518 febs [main] INFO  c.m.f.common.runner.StartedUpRunner - / /`  / / \ | |\/| | |_) | |   | |_   | |  | |_  
2019-08-15 09:07:36.518 febs [main] INFO  c.m.f.common.runner.StartedUpRunner - \_\_, \_\_/ |_|  | |_|   |_|__ |_|__  |_|  |_|__ 
2019-08-15 09:07:36.518 febs [main] INFO  c.m.f.common.runner.StartedUpRunner -                                                       
2019-08-15 09:07:36.518 febs [main] INFO  c.m.f.common.runner.StartedUpRunner - FEBS 启动完毕，时间：2019-08-15T09:07:36.518
2019-08-15 09:07:46.303 febs [http-nio-9527-exec-8] INFO  o.a.c.c.C.[Tomcat].[localhost].[/] - Initializing Spring DispatcherServlet 'dispatcherServlet'
2019-08-15 09:07:46.303 febs [http-nio-9527-exec-8] INFO  o.s.web.servlet.DispatcherServlet - Initializing Servlet 'dispatcherServlet'
2019-08-15 09:07:46.317 febs [http-nio-9527-exec-8] INFO  o.s.web.servlet.DispatcherServlet - Completed initialization in 14 ms
2019-08-15 09:07:46.489 febs [http-nio-9527-exec-8] INFO  p6spy - 2019-08-15 09:07:46 | 耗时 0 ms | SQL 语句：
SELECT u.user_id userId, u.name, u.emp_code empCode, u.leader_id leaderId, u.level, u.login_name loginName, u.dept_id deptId, u.job_name jobName, u.password, u.email, u.mobile, u.STATUS, u.create_time createTime, u.ssex, u.AVATAR, u.DESCRIPTION, d.dept_name deptName, u.LAST_LOGIN_TIME lastLoginTime FROM rt_user u LEFT JOIN mt_dept d ON (u.dept_id = d.dept_id) WHERE u.login_name = '1234567' group by u.login_name;
2019-08-15 09:07:51.548 febs [http-nio-9527-exec-10] INFO  p6spy - 2019-08-15 09:07:51 | 耗时 0 ms | SQL 语句：
SELECT u.user_id userId, u.name, u.emp_code empCode, u.leader_id leaderId, u.level, u.login_name loginName, u.dept_id deptId, u.job_name jobName, u.password, u.email, u.mobile, u.STATUS, u.create_time createTime, u.ssex, u.AVATAR, u.DESCRIPTION, d.dept_name deptName, u.LAST_LOGIN_TIME lastLoginTime FROM rt_user u LEFT JOIN mt_dept d ON (u.dept_id = d.dept_id) WHERE u.login_name = '1234567' group by u.login_name;
2019-08-15 09:07:53.684 febs [http-nio-9527-exec-7] INFO  p6spy - 2019-08-15 09:07:53 | 耗时 15 ms | SQL 语句：
SELECT JP_ID,DEPT_ID,JOB_PERFORMANCE,MONTH FROM st_jobperformance WHERE MONTH IN ('2019-07') AND DEPT_ID IN (22);
2019-08-15 09:08:05.458 febs [http-nio-9527-exec-5] INFO  p6spy - 2019-08-15 09:08:05 | 耗时 0 ms | SQL 语句：
SELECT JP_ID,DEPT_ID,JOB_PERFORMANCE,MONTH FROM st_jobperformance WHERE MONTH IN ('2019-06') AND DEPT_ID IN (22);
2019-08-15 09:09:12.736 febs [http-nio-9527-exec-2] INFO  p6spy - 2019-08-15 09:09:12 | 耗时 0 ms | SQL 语句：
SELECT JP_ID,DEPT_ID,JOB_PERFORMANCE,MONTH FROM st_jobperformance WHERE MONTH IN ('2019-07') AND DEPT_ID IN (22);
2019-08-15 09:09:17.274 febs [http-nio-9527-exec-1] INFO  p6spy - 2019-08-15 09:09:17 | 耗时 0 ms | SQL 语句：
SELECT JP_ID,DEPT_ID,JOB_PERFORMANCE,MONTH FROM st_jobperformance WHERE MONTH IN ('2019-07') AND DEPT_ID IN (NULL);
2019-08-15 09:09:19.237 febs [http-nio-9527-exec-8] INFO  p6spy - 2019-08-15 09:09:19 | 耗时 0 ms | SQL 语句：
SELECT u.user_id userId, u.name, u.emp_code empCode, u.leader_id leaderId, u.level, u.login_name loginName, u.dept_id deptId, u.job_name jobName, u.password, u.email, u.mobile, u.STATUS, u.create_time createTime, u.ssex, u.AVATAR, u.DESCRIPTION, d.dept_name deptName, u.LAST_LOGIN_TIME lastLoginTime FROM rt_user u LEFT JOIN mt_dept d ON (u.dept_id = d.dept_id) WHERE u.login_name = '1234567' group by u.login_name;
2019-08-15 09:09:20.670 febs [http-nio-9527-exec-10] INFO  p6spy - 2019-08-15 09:09:20 | 耗时 0 ms | SQL 语句：
SELECT u.user_id userId, u.name, u.emp_code empCode, u.leader_id leaderId, u.level, u.login_name loginName, u.dept_id deptId, u.job_name jobName, u.password, u.email, u.mobile, u.STATUS, u.create_time createTime, u.ssex, u.AVATAR, u.DESCRIPTION, d.dept_name deptName, u.LAST_LOGIN_TIME lastLoginTime FROM rt_user u LEFT JOIN mt_dept d ON (u.dept_id = d.dept_id) WHERE u.login_name = '1234567' group by u.login_name;
2019-08-15 09:09:22.227 febs [http-nio-9527-exec-7] INFO  p6spy - 2019-08-15 09:09:22 | 耗时 0 ms | SQL 语句：
SELECT JP_ID,DEPT_ID,JOB_PERFORMANCE,MONTH FROM st_jobperformance WHERE MONTH IN ('2019-07') AND DEPT_ID IN (22);
2019-08-15 09:09:26.501 febs [http-nio-9527-exec-6] INFO  p6spy - 2019-08-15 09:09:26 | 耗时 0 ms | SQL 语句：
SELECT JP_ID,DEPT_ID,JOB_PERFORMANCE,MONTH FROM st_jobperformance WHERE MONTH IN ('2019-05') AND DEPT_ID IN (22);
2019-08-15 09:13:06.891 febs [http-nio-9527-exec-3] INFO  p6spy - 2019-08-15 09:13:06 | 耗时 0 ms | SQL 语句：
SELECT JP_ID,DEPT_ID,JOB_PERFORMANCE,MONTH FROM st_jobperformance WHERE MONTH IN ('2019-07') AND DEPT_ID IN (22);
2019-08-15 09:13:10.397 febs [http-nio-9527-exec-2] INFO  p6spy - 2019-08-15 09:13:10 | 耗时 0 ms | SQL 语句：
SELECT JP_ID,DEPT_ID,JOB_PERFORMANCE,MONTH FROM st_jobperformance WHERE MONTH IN ('2019-07') AND DEPT_ID IN (NULL);
2019-08-15 09:13:12.068 febs [http-nio-9527-exec-1] INFO  p6spy - 2019-08-15 09:13:12 | 耗时 0 ms | SQL 语句：
SELECT u.user_id userId, u.name, u.emp_code empCode, u.leader_id leaderId, u.level, u.login_name loginName, u.dept_id deptId, u.job_name jobName, u.password, u.email, u.mobile, u.STATUS, u.create_time createTime, u.ssex, u.AVATAR, u.DESCRIPTION, d.dept_name deptName, u.LAST_LOGIN_TIME lastLoginTime FROM rt_user u LEFT JOIN mt_dept d ON (u.dept_id = d.dept_id) WHERE u.login_name = '1234567' group by u.login_name;
2019-08-15 09:13:13.654 febs [http-nio-9527-exec-8] INFO  p6spy - 2019-08-15 09:13:13 | 耗时 8 ms | SQL 语句：
SELECT u.user_id userId, u.name, u.emp_code empCode, u.leader_id leaderId, u.level, u.login_name loginName, u.dept_id deptId, u.job_name jobName, u.password, u.email, u.mobile, u.STATUS, u.create_time createTime, u.ssex, u.AVATAR, u.DESCRIPTION, d.dept_name deptName, u.LAST_LOGIN_TIME lastLoginTime FROM rt_user u LEFT JOIN mt_dept d ON (u.dept_id = d.dept_id) WHERE u.login_name = '1234567' group by u.login_name;
2019-08-15 09:13:15.459 febs [http-nio-9527-exec-9] INFO  p6spy - 2019-08-15 09:13:15 | 耗时 0 ms | SQL 语句：
SELECT JP_ID,DEPT_ID,JOB_PERFORMANCE,MONTH FROM st_jobperformance WHERE MONTH IN ('2019-07') AND DEPT_ID IN (22);
2019-08-15 09:13:20.005 febs [http-nio-9527-exec-7] INFO  p6spy - 2019-08-15 09:13:20 | 耗时 0 ms | SQL 语句：
SELECT JP_ID,DEPT_ID,JOB_PERFORMANCE,MONTH FROM st_jobperformance WHERE MONTH IN ('2019-06') AND DEPT_ID IN (22);
2019-08-15 09:14:26.937 febs [http-nio-9527-exec-4] INFO  p6spy - 2019-08-15 09:14:26 | 耗时 0 ms | SQL 语句：
SELECT JP_ID,DEPT_ID,JOB_PERFORMANCE,MONTH FROM st_jobperformance WHERE MONTH IN ('2019-07') AND DEPT_ID IN (22);
2019-08-15 09:14:34.190 febs [http-nio-9527-exec-3] INFO  p6spy - 2019-08-15 09:14:34 | 耗时 0 ms | SQL 语句：
SELECT u.user_id userId, u.name, u.emp_code empCode, u.leader_id leaderId, u.level, u.login_name loginName, u.dept_id deptId, u.job_name jobName, u.password, u.email, u.mobile, u.STATUS, u.create_time createTime, u.ssex, u.AVATAR, u.DESCRIPTION, d.dept_name deptName, u.LAST_LOGIN_TIME lastLoginTime FROM rt_user u LEFT JOIN mt_dept d ON (u.dept_id = d.dept_id) WHERE u.login_name = '1234567' group by u.login_name;
2019-08-15 09:14:36.026 febs [http-nio-9527-exec-2] INFO  p6spy - 2019-08-15 09:14:36 | 耗时 0 ms | SQL 语句：
SELECT u.user_id userId, u.name, u.emp_code empCode, u.leader_id leaderId, u.level, u.login_name loginName, u.dept_id deptId, u.job_name jobName, u.password, u.email, u.mobile, u.STATUS, u.create_time createTime, u.ssex, u.AVATAR, u.DESCRIPTION, d.dept_name deptName, u.LAST_LOGIN_TIME lastLoginTime FROM rt_user u LEFT JOIN mt_dept d ON (u.dept_id = d.dept_id) WHERE u.login_name = '1234567' group by u.login_name;
2019-08-15 09:14:37.139 febs [http-nio-9527-exec-8] INFO  p6spy - 2019-08-15 09:14:37 | 耗时 0 ms | SQL 语句：
SELECT JP_ID,DEPT_ID,JOB_PERFORMANCE,MONTH FROM st_jobperformance WHERE MONTH IN ('2019-07') AND DEPT_ID IN (22);
2019-08-15 09:14:41.808 febs [http-nio-9527-exec-10] INFO  p6spy - 2019-08-15 09:14:41 | 耗时 0 ms | SQL 语句：
SELECT JP_ID,DEPT_ID,JOB_PERFORMANCE,MONTH FROM st_jobperformance WHERE MONTH IN ('2019-03') AND DEPT_ID IN (22);
2019-08-15 09:14:47.636 febs [http-nio-9527-exec-7] INFO  p6spy - 2019-08-15 09:14:47 | 耗时 0 ms | SQL 语句：
SELECT JP_ID,DEPT_ID,JOB_PERFORMANCE,MONTH FROM st_jobperformance WHERE MONTH IN ('2019-01') AND DEPT_ID IN (22);
2019-08-15 09:14:54.766 febs [http-nio-9527-exec-5] INFO  p6spy - 2019-08-15 09:14:54 | 耗时 0 ms | SQL 语句：
SELECT JP_ID,DEPT_ID,JOB_PERFORMANCE,MONTH FROM st_jobperformance WHERE MONTH IN ('2019-03') AND DEPT_ID IN (22);
2019-08-15 09:15:04.122 febs [http-nio-9527-exec-3] INFO  p6spy - 2019-08-15 09:15:04 | 耗时 0 ms | SQL 语句：
SELECT JP_ID,DEPT_ID,JOB_PERFORMANCE,MONTH FROM st_jobperformance WHERE MONTH IN ('2019-05') AND DEPT_ID IN (22);
2019-08-15 09:15:33.699 febs [http-nio-9527-exec-1] INFO  p6spy - 2019-08-15 09:15:33 | 耗时 0 ms | SQL 语句：
SELECT JP_ID,DEPT_ID,JOB_PERFORMANCE,MONTH FROM st_jobperformance WHERE MONTH IN ('2019-07') AND DEPT_ID IN (22);
2019-08-15 09:17:52.545 febs [http-nio-9527-exec-9] INFO  p6spy - 2019-08-15 09:17:52 | 耗时 0 ms | SQL 语句：
SELECT JP_ID,DEPT_ID,JOB_PERFORMANCE,MONTH FROM st_jobperformance WHERE MONTH IN ('2019-07') AND DEPT_ID IN (22);
2019-08-15 09:18:00.624 febs [http-nio-9527-exec-6] INFO  p6spy - 2019-08-15 09:18:00 | 耗时 0 ms | SQL 语句：
SELECT JP_ID,DEPT_ID,JOB_PERFORMANCE,MONTH FROM st_jobperformance WHERE MONTH IN ('2019-07') AND DEPT_ID IN (NULL);
2019-08-15 09:18:02.279 febs [http-nio-9527-exec-5] INFO  p6spy - 2019-08-15 09:18:02 | 耗时 0 ms | SQL 语句：
SELECT u.user_id userId, u.name, u.emp_code empCode, u.leader_id leaderId, u.level, u.login_name loginName, u.dept_id deptId, u.job_name jobName, u.password, u.email, u.mobile, u.STATUS, u.create_time createTime, u.ssex, u.AVATAR, u.DESCRIPTION, d.dept_name deptName, u.LAST_LOGIN_TIME lastLoginTime FROM rt_user u LEFT JOIN mt_dept d ON (u.dept_id = d.dept_id) WHERE u.login_name = '1234567' group by u.login_name;
2019-08-15 09:18:03.948 febs [http-nio-9527-exec-4] INFO  p6spy - 2019-08-15 09:18:03 | 耗时 0 ms | SQL 语句：
SELECT u.user_id userId, u.name, u.emp_code empCode, u.leader_id leaderId, u.level, u.login_name loginName, u.dept_id deptId, u.job_name jobName, u.password, u.email, u.mobile, u.STATUS, u.create_time createTime, u.ssex, u.AVATAR, u.DESCRIPTION, d.dept_name deptName, u.LAST_LOGIN_TIME lastLoginTime FROM rt_user u LEFT JOIN mt_dept d ON (u.dept_id = d.dept_id) WHERE u.login_name = '1234567' group by u.login_name;
2019-08-15 09:18:05.616 febs [http-nio-9527-exec-3] INFO  p6spy - 2019-08-15 09:18:05 | 耗时 0 ms | SQL 语句：
SELECT JP_ID,DEPT_ID,JOB_PERFORMANCE,MONTH FROM st_jobperformance WHERE MONTH IN ('2019-07') AND DEPT_ID IN (22);
2019-08-15 09:18:09.857 febs [http-nio-9527-exec-1] INFO  p6spy - 2019-08-15 09:18:09 | 耗时 0 ms | SQL 语句：
SELECT JP_ID,DEPT_ID,JOB_PERFORMANCE,MONTH FROM st_jobperformance WHERE MONTH IN ('2019-06') AND DEPT_ID IN (22);
2019-08-15 09:18:14.015 febs [http-nio-9527-exec-8] INFO  p6spy - 2019-08-15 09:18:14 | 耗时 0 ms | SQL 语句：
SELECT JP_ID,DEPT_ID,JOB_PERFORMANCE,MONTH FROM st_jobperformance WHERE MONTH IN ('2019-04') AND DEPT_ID IN (22);
2019-08-15 09:20:55.104 febs [http-nio-9527-exec-7] INFO  p6spy - 2019-08-15 09:20:55 | 耗时 0 ms | SQL 语句：
SELECT JP_ID,DEPT_ID,JOB_PERFORMANCE,MONTH FROM st_jobperformance WHERE MONTH IN ('2019-07') AND DEPT_ID IN (22);
2019-08-15 09:21:02.674 febs [http-nio-9527-exec-5] INFO  p6spy - 2019-08-15 09:21:02 | 耗时 0 ms | SQL 语句：
SELECT JP_ID,DEPT_ID,JOB_PERFORMANCE,MONTH FROM st_jobperformance WHERE MONTH IN ('2019-05') AND DEPT_ID IN (22);
